<?xml version="1.0" encoding="UTF-8"?>
<!-- Generated by org.testng.reporters.JUnitXMLReporter -->
<testsuite ignored="25" hostname="WKWZTPqvmdckJHX" failures="0" tests="1" name="Default test" time="16.77" errors="0" timestamp="2022-10-13T15:40:55 IST">
  <testcase classname="com.qa.centrum.eng.test.CentrumSampleVitaminPacksMen30PlusTest" name="cookieButton" time="2.22"/>
  <testcase classname="com.qa.centrum.eng.test.CentrumSampleVitaminPacksMen30PlusTest" name="verifyBuyNowBtn" time="0.0">
    <ignored/>
  </testcase> <!-- verifyBuyNowBtn -->
  <testcase classname="com.qa.centrum.eng.test.CentrumSampleVitaminPacksMen30PlusTest" name="verifyBrowseTwo" time="0.0">
    <ignored/>
  </testcase> <!-- verifyBrowseTwo -->
  <testcase classname="com.qa.centrum.eng.test.CentrumSampleVitaminPacksMen30PlusTest" name="verifyCompareTwo" time="0.0">
    <ignored/>
  </testcase> <!-- verifyCompareTwo -->
  <testcase classname="com.qa.centrum.eng.test.CentrumSampleVitaminPacksMen30PlusTest" name="verifyBuyNowOne" time="0.0">
    <ignored/>
  </testcase> <!-- verifyBuyNowOne -->
  <testcase classname="com.qa.centrum.eng.test.CentrumSampleVitaminPacksMen30PlusTest" name="verifyCompareTab" time="0.0">
    <ignored/>
  </testcase> <!-- verifyCompareTab -->
  <testcase classname="com.qa.centrum.eng.test.CentrumSampleVitaminPacksMen30PlusTest" name="verifyCompareFour" time="0.0">
    <ignored/>
  </testcase> <!-- verifyCompareFour -->
  <testcase classname="com.qa.centrum.eng.test.CentrumSampleVitaminPacksMen30PlusTest" name="verifyBuyNowTwo" time="0.0">
    <ignored/>
  </testcase> <!-- verifyBuyNowTwo -->
  <testcase classname="com.qa.centrum.eng.test.CentrumSampleVitaminPacksMen30PlusTest" name="verifyWriteAReviewBtn" time="0.0">
    <ignored/>
  </testcase> <!-- verifyWriteAReviewBtn -->
  <testcase classname="com.qa.centrum.eng.test.CentrumSampleVitaminPacksMen30PlusTest" name="verifyCompareThree" time="0.0">
    <ignored/>
  </testcase> <!-- verifyCompareThree -->
  <testcase classname="com.qa.centrum.eng.test.CentrumSampleVitaminPacksMen30PlusTest" name="verifyVitaminAndMinerals" time="0.0">
    <ignored/>
  </testcase> <!-- verifyVitaminAndMinerals -->
  <testcase classname="com.qa.centrum.eng.test.CentrumSampleVitaminPacksMen30PlusTest" name="verifyUsage" time="0.0">
    <ignored/>
  </testcase> <!-- verifyUsage -->
  <testcase classname="com.qa.centrum.eng.test.CentrumSampleVitaminPacksMen30PlusTest" name="verifyBuyNowThree" time="0.0">
    <ignored/>
  </testcase> <!-- verifyBuyNowThree -->
  <testcase classname="com.qa.centrum.eng.test.CentrumSampleVitaminPacksMen30PlusTest" name="verifyTextImmuneSupportMen" time="0.0">
    <ignored/>
  </testcase> <!-- verifyTextImmuneSupportMen -->
  <testcase classname="com.qa.centrum.eng.test.CentrumSampleVitaminPacksMen30PlusTest" name="verifyFAQ" time="0.0">
    <ignored/>
  </testcase> <!-- verifyFAQ -->
  <testcase classname="com.qa.centrum.eng.test.CentrumSampleVitaminPacksMen30PlusTest" name="verifyBrowseThree" time="0.0">
    <ignored/>
  </testcase> <!-- verifyBrowseThree -->
  <testcase classname="com.qa.centrum.eng.test.CentrumSampleVitaminPacksMen30PlusTest" name="verifyRelatedProductFour" time="0.0">
    <ignored/>
  </testcase> <!-- verifyRelatedProductFour -->
  <testcase classname="com.qa.centrum.eng.test.CentrumSampleVitaminPacksMen30PlusTest" name="verifyRelatedProductTwo" time="0.0">
    <ignored/>
  </testcase> <!-- verifyRelatedProductTwo -->
  <testcase classname="com.qa.centrum.eng.test.CentrumSampleVitaminPacksMen30PlusTest" name="verifyCompareOne" time="0.0">
    <ignored/>
  </testcase> <!-- verifyCompareOne -->
  <testcase classname="com.qa.centrum.eng.test.CentrumSampleVitaminPacksMen30PlusTest" name="verifyCompareButton" time="0.0">
    <ignored/>
  </testcase> <!-- verifyCompareButton -->
  <testcase classname="com.qa.centrum.eng.test.CentrumSampleVitaminPacksMen30PlusTest" name="verifyBrowseFour" time="0.0">
    <ignored/>
  </testcase> <!-- verifyBrowseFour -->
  <testcase classname="com.qa.centrum.eng.test.CentrumSampleVitaminPacksMen30PlusTest" name="verifyBrowseOne" time="0.0">
    <ignored/>
  </testcase> <!-- verifyBrowseOne -->
  <testcase classname="com.qa.centrum.eng.test.CentrumSampleVitaminPacksMen30PlusTest" name="verifyBuyNowFour" time="0.0">
    <ignored/>
  </testcase> <!-- verifyBuyNowFour -->
  <testcase classname="com.qa.centrum.eng.test.CentrumSampleVitaminPacksMen30PlusTest" name="verifyRelatedProductOne" time="0.0">
    <ignored/>
  </testcase> <!-- verifyRelatedProductOne -->
  <testcase classname="com.qa.centrum.eng.test.CentrumSampleVitaminPacksMen30PlusTest" name="verifyGetCoupons" time="0.0">
    <ignored/>
  </testcase> <!-- verifyGetCoupons -->
  <testcase classname="com.qa.centrum.eng.test.CentrumSampleVitaminPacksMen30PlusTest" name="verifyRelatedProductThree" time="0.0">
    <ignored/>
  </testcase> <!-- verifyRelatedProductThree -->
</testsuite> <!-- Default test -->
